# JRE version: Java(TM) SE Runtime Environment (8.0_191-b12) (build 1.8.0_191-b12)
# Java VM: Java HotSpot(TM) 64-Bit Server VM (25.191-b12 mixed mode windows-amd64 compressed oops)
Heap:
 PSYoungGen      total 222720K, used 201352K [0x00000000d5580000, 0x00000000e8000000, 0x0000000100000000)
  eden space 201216K, 89% used [0x00000000d5580000,0x00000000e0528e48,0x00000000e1a00000)
  from space 21504K, 99% used [0x00000000e3b80000,0x00000000e5079340,0x00000000e5080000)
  to   space 34304K, 0% used [0x00000000e1a00000,0x00000000e1a00000,0x00000000e3b80000)
 ParOldGen       total 397312K, used 83916K [0x0000000080000000, 0x0000000098400000, 0x00000000d5580000)
  object space 397312K, 21% used [0x0000000080000000,0x00000000851f3098,0x0000000098400000)
 Metaspace       used 114223K, capacity 123078K, committed 123264K, reserved 1157120K
  class space    used 14511K, capacity 15959K, committed 16000K, reserved 1048576K
GC Heap History (10 events):
Event: 21282.187 GC heap before
{Heap before GC invocations=175 (full 9):
 PSYoungGen      total 235520K, used 219074K [0x00000000d5580000, 0x00000000e5580000, 0x0000000100000000)
  eden space 209408K, 100% used [0x00000000d5580000,0x00000000e2200000,0x00000000e2200000)
  from space 26112K, 37% used [0x00000000e2200000,0x00000000e2b70950,0x00000000e3b80000)
  to   space 25088K, 0% used [0x00000000e3d00000,0x00000000e3d00000,0x00000000e5580000)
 ParOldGen       total 397312K, used 56530K [0x0000000080000000, 0x0000000098400000, 0x00000000d5580000)
  object space 397312K, 14% used [0x0000000080000000,0x0000000083734a00,0x0000000098400000)
 Metaspace       used 113730K, capacity 122412K, committed 122624K, reserved 1157120K
  class space    used 14414K, capacity 15814K, committed 15872K, reserved 1048576K
Event: 21282.207 GC heap after
Heap after GC invocations=175 (full 9):
 PSYoungGen      total 233984K, used 8944K [0x00000000d5580000, 0x00000000e5300000, 0x0000000100000000)
  eden space 211456K, 0% used [0x00000000d5580000,0x00000000d5580000,0x00000000e2400000)
  from space 22528K, 39% used [0x00000000e3d00000,0x00000000e45bc030,0x00000000e5300000)
  to   space 24064K, 0% used [0x00000000e2400000,0x00000000e2400000,0x00000000e3b80000)
 ParOldGen       total 397312K, used 56538K [0x0000000080000000, 0x0000000098400000, 0x00000000d5580000)
  object space 397312K, 14% used [0x0000000080000000,0x0000000083736a00,0x0000000098400000)
 Metaspace       used 113730K, capacity 122412K, committed 122624K, reserved 1157120K
  class space    used 14414K, capacity 15814K, committed 15872K, reserved 1048576K
}
Event: 21545.657 GC heap before
{Heap before GC invocations=176 (full 9):
 PSYoungGen      total 233984K, used 220400K [0x00000000d5580000, 0x00000000e5300000, 0x0000000100000000)
  eden space 211456K, 100% used [0x00000000d5580000,0x00000000e2400000,0x00000000e2400000)
  from space 22528K, 39% used [0x00000000e3d00000,0x00000000e45bc030,0x00000000e5300000)
  to   space 24064K, 0% used [0x00000000e2400000,0x00000000e2400000,0x00000000e3b80000)
 ParOldGen       total 397312K, used 56538K [0x0000000080000000, 0x0000000098400000, 0x00000000d5580000)
  object space 397312K, 14% used [0x0000000080000000,0x0000000083736a00,0x0000000098400000)
 Metaspace       used 113735K, capacity 122412K, committed 122624K, reserved 1157120K
  class space    used 14415K, capacity 15814K, committed 15872K, reserved 1048576K
Event: 21545.681 GC heap after
Heap after GC invocations=176 (full 9):
 PSYoungGen      total 235520K, used 11120K [0x00000000d5580000, 0x00000000e5280000, 0x0000000100000000)
  eden space 211456K, 0% used [0x00000000d5580000,0x00000000d5580000,0x00000000e2400000)
  from space 24064K, 46% used [0x00000000e2400000,0x00000000e2edc060,0x00000000e3b80000)
  to   space 23040K, 0% used [0x00000000e3c00000,0x00000000e3c00000,0x00000000e5280000)
 ParOldGen       total 397312K, used 56546K [0x0000000080000000, 0x0000000098400000, 0x00000000d5580000)
  object space 397312K, 14% used [0x0000000080000000,0x0000000083738a00,0x0000000098400000)
 Metaspace       used 113735K, capacity 122412K, committed 122624K, reserved 1157120K
  class space    used 14415K, capacity 15814K, committed 15872K, reserved 1048576K
}
Event: 21634.540 GC heap before
{Heap before GC invocations=177 (full 9):
 PSYoungGen      total 235520K, used 222576K [0x00000000d5580000, 0x00000000e5280000, 0x0000000100000000)
  eden space 211456K, 100% used [0x00000000d5580000,0x00000000e2400000,0x00000000e2400000)
  from space 24064K, 46% used [0x00000000e2400000,0x00000000e2edc060,0x00000000e3b80000)
  to   space 23040K, 0% used [0x00000000e3c00000,0x00000000e3c00000,0x00000000e5280000)
 ParOldGen       total 397312K, used 56546K [0x0000000080000000, 0x0000000098400000, 0x00000000d5580000)
  object space 397312K, 14% used [0x0000000080000000,0x0000000083738a00,0x0000000098400000)
 Metaspace       used 113740K, capacity 122424K, committed 122624K, reserved 1157120K
  class space    used 14416K, capacity 15816K, committed 15872K, reserved 1048576K
Event: 21634.567 GC heap after
Heap after GC invocations=177 (full 9):
 PSYoungGen      total 233984K, used 11170K [0x00000000d5580000, 0x00000000e5080000, 0x0000000100000000)
  eden space 212992K, 0% used [0x00000000d5580000,0x00000000d5580000,0x00000000e2580000)
  from space 20992K, 53% used [0x00000000e3c00000,0x00000000e46e8860,0x00000000e5080000)
  to   space 22016K, 0% used [0x00000000e2580000,0x00000000e2580000,0x00000000e3b00000)
 ParOldGen       total 397312K, used 56554K [0x0000000080000000, 0x0000000098400000, 0x00000000d5580000)
  object space 397312K, 14% used [0x0000000080000000,0x000000008373aa00,0x0000000098400000)
 Metaspace       used 113740K, capacity 122424K, committed 122624K, reserved 1157120K
  class space    used 14416K, capacity 15816K, committed 15872K, reserved 1048576K
}
Event: 21699.565 GC heap before
{Heap before GC invocations=178 (full 9):
 PSYoungGen      total 233984K, used 224157K [0x00000000d5580000, 0x00000000e5080000, 0x0000000100000000)
  eden space 212992K, 99% used [0x00000000d5580000,0x00000000e257edf0,0x00000000e2580000)
  from space 20992K, 53% used [0x00000000e3c00000,0x00000000e46e8860,0x00000000e5080000)
  to   space 22016K, 0% used [0x00000000e2580000,0x00000000e2580000,0x00000000e3b00000)
 ParOldGen       total 397312K, used 56554K [0x0000000080000000, 0x0000000098400000, 0x00000000d5580000)
  object space 397312K, 14% used [0x0000000080000000,0x000000008373aa00,0x0000000098400000)
 Metaspace       used 113761K, capacity 122430K, committed 122624K, reserved 1157120K
  class space    used 14418K, capacity 15817K, committed 15872K, reserved 1048576K
Event: 21699.588 GC heap after
Heap after GC invocations=178 (full 9):
 PSYoungGen      total 235008K, used 10338K [0x00000000d5580000, 0x00000000e5080000, 0x0000000100000000)
  eden space 212992K, 0% used [0x00000000d5580000,0x00000000d5580000,0x00000000e2580000)
  from space 22016K, 46% used [0x00000000e2580000,0x00000000e2f98828,0x00000000e3b00000)
  to   space 21504K, 0% used [0x00000000e3b80000,0x00000000e3b80000,0x00000000e5080000)
 ParOldGen       total 397312K, used 56634K [0x0000000080000000, 0x0000000098400000, 0x00000000d5580000)
  object space 397312K, 14% used [0x0000000080000000,0x000000008374ea10,0x0000000098400000)
 Metaspace       used 113761K, capacity 122430K, committed 122624K, reserved 1157120K
  class space    used 14418K, capacity 15817K, committed 15872K, reserved 1048576K
}
Event: 21700.742 GC heap before
{Heap before GC invocations=179 (full 9):
 PSYoungGen      total 235008K, used 223325K [0x00000000d5580000, 0x00000000e5080000, 0x0000000100000000)
  eden space 212992K, 99% used [0x00000000d5580000,0x00000000e257ee98,0x00000000e2580000)
  from space 22016K, 46% used [0x00000000e2580000,0x00000000e2f98828,0x00000000e3b00000)
  to   space 21504K, 0% used [0x00000000e3b80000,0x00000000e3b80000,0x00000000e5080000)
 ParOldGen       total 397312K, used 56634K [0x0000000080000000, 0x0000000098400000, 0x00000000d5580000)
  object space 397312K, 14% used [0x0000000080000000,0x000000008374ea10,0x0000000098400000)
 Metaspace       used 114182K, capacity 123058K, committed 123264K, reserved 1157120K
  class space    used 14509K, capacity 15957K, committed 16000K, reserved 1048576K
Event: 21700.939 GC heap after
Heap after GC invocations=179 (full 9):
 PSYoungGen      total 222720K, used 21476K [0x00000000d5580000, 0x00000000e8000000, 0x0000000100000000)
  eden space 201216K, 0% used [0x00000000d5580000,0x00000000d5580000,0x00000000e1a00000)
  from space 21504K, 99% used [0x00000000e3b80000,0x00000000e5079340,0x00000000e5080000)
  to   space 34304K, 0% used [0x00000000e1a00000,0x00000000e1a00000,0x00000000e3b80000)
 ParOldGen       total 397312K, used 83916K [0x0000000080000000, 0x0000000098400000, 0x00000000d5580000)
  object space 397312K, 21% used [0x0000000080000000,0x00000000851f3098,0x0000000098400000)
 Metaspace       used 114182K, capacity 123058K, committed 123264K, reserved 1157120K
  class space    used 14509K, capacity 15957K, committed 16000K, reserved 1048576K
}

