# JRE version: Java(TM) SE Runtime Environment (8.0_191-b12) (build 1.8.0_191-b12)
# Java VM: Java HotSpot(TM) 64-Bit Server VM (25.191-b12 mixed mode windows-amd64 compressed oops)
Heap:
 PSYoungGen      total 578560K, used 38937K [0x00000000d5580000, 0x00000000fbe00000, 0x0000000100000000)
  eden space 527360K, 3% used [0x00000000d5580000,0x00000000d66147a0,0x00000000f5880000)
  from space 51200K, 42% used [0x00000000f8800000,0x00000000f9d71e60,0x00000000fba00000)
  to   space 48640K, 0% used [0x00000000f5880000,0x00000000f5880000,0x00000000f8800000)
 ParOldGen       total 384000K, used 192996K [0x0000000080000000, 0x0000000097700000, 0x00000000d5580000)
  object space 384000K, 50% used [0x0000000080000000,0x000000008bc79340,0x0000000097700000)
 Metaspace       used 89041K, capacity 93428K, committed 96128K, reserved 1132544K
  class space    used 11955K, capacity 12767K, committed 13440K, reserved 1048576K
GC Heap History (10 events):
Event: 102.239 GC heap before
{Heap before GC invocations=24 (full 4):
 PSYoungGen      total 485888K, used 446528K [0x00000000d5580000, 0x00000000fba00000, 0x0000000100000000)
  eden space 432128K, 100% used [0x00000000d5580000,0x00000000efb80000,0x00000000efb80000)
  from space 53760K, 26% used [0x00000000efb80000,0x00000000f09901d0,0x00000000f3000000)
  to   space 51200K, 0% used [0x00000000f8800000,0x00000000f8800000,0x00000000fba00000)
 ParOldGen       total 384000K, used 140923K [0x0000000080000000, 0x0000000097700000, 0x00000000d5580000)
  object space 384000K, 36% used [0x0000000080000000,0x000000008899ecf8,0x0000000097700000)
 Metaspace       used 88733K, capacity 93050K, committed 95616K, reserved 1132544K
  class space    used 11948K, capacity 12762K, committed 13440K, reserved 1048576K
Event: 102.373 GC heap after
Heap after GC invocations=24 (full 4):
 PSYoungGen      total 578560K, used 14825K [0x00000000d5580000, 0x00000000fbe00000, 0x0000000100000000)
  eden space 527360K, 0% used [0x00000000d5580000,0x00000000d5580000,0x00000000f5880000)
  from space 51200K, 28% used [0x00000000f8800000,0x00000000f967a4a8,0x00000000fba00000)
  to   space 48640K, 0% used [0x00000000f5880000,0x00000000f5880000,0x00000000f8800000)
 ParOldGen       total 384000K, used 153103K [0x0000000080000000, 0x0000000097700000, 0x00000000d5580000)
  object space 384000K, 39% used [0x0000000080000000,0x0000000089583d18,0x0000000097700000)
 Metaspace       used 88733K, capacity 93050K, committed 95616K, reserved 1132544K
  class space    used 11948K, capacity 12762K, committed 13440K, reserved 1048576K
}
Event: 104.732 GC heap before
{Heap before GC invocations=25 (full 4):
 PSYoungGen      total 578560K, used 542185K [0x00000000d5580000, 0x00000000fbe00000, 0x0000000100000000)
  eden space 527360K, 100% used [0x00000000d5580000,0x00000000f5880000,0x00000000f5880000)
  from space 51200K, 28% used [0x00000000f8800000,0x00000000f967a4a8,0x00000000fba00000)
  to   space 48640K, 0% used [0x00000000f5880000,0x00000000f5880000,0x00000000f8800000)
 ParOldGen       total 384000K, used 153103K [0x0000000080000000, 0x0000000097700000, 0x00000000d5580000)
  object space 384000K, 39% used [0x0000000080000000,0x0000000089583d18,0x0000000097700000)
 Metaspace       used 88927K, capacity 93214K, committed 95872K, reserved 1132544K
  class space    used 11952K, capacity 12766K, committed 13440K, reserved 1048576K
Event: 104.784 GC heap after
Heap after GC invocations=25 (full 4):
 PSYoungGen      total 576000K, used 20142K [0x00000000d5580000, 0x00000000fbe00000, 0x0000000100000000)
  eden space 527360K, 0% used [0x00000000d5580000,0x00000000d5580000,0x00000000f5880000)
  from space 48640K, 41% used [0x00000000f5880000,0x00000000f6c2b9b8,0x00000000f8800000)
  to   space 51200K, 0% used [0x00000000f8800000,0x00000000f8800000,0x00000000fba00000)
 ParOldGen       total 384000K, used 159610K [0x0000000080000000, 0x0000000097700000, 0x00000000d5580000)
  object space 384000K, 41% used [0x0000000080000000,0x0000000089bdebe8,0x0000000097700000)
 Metaspace       used 88927K, capacity 93214K, committed 95872K, reserved 1132544K
  class space    used 11952K, capacity 12766K, committed 13440K, reserved 1048576K
}
Event: 107.045 GC heap before
{Heap before GC invocations=26 (full 4):
 PSYoungGen      total 576000K, used 547502K [0x00000000d5580000, 0x00000000fbe00000, 0x0000000100000000)
  eden space 527360K, 100% used [0x00000000d5580000,0x00000000f5880000,0x00000000f5880000)
  from space 48640K, 41% used [0x00000000f5880000,0x00000000f6c2b9b8,0x00000000f8800000)
  to   space 51200K, 0% used [0x00000000f8800000,0x00000000f8800000,0x00000000fba00000)
 ParOldGen       total 384000K, used 159610K [0x0000000080000000, 0x0000000097700000, 0x00000000d5580000)
  object space 384000K, 41% used [0x0000000080000000,0x0000000089bdebe8,0x0000000097700000)
 Metaspace       used 88957K, capacity 93228K, committed 95872K, reserved 1132544K
  class space    used 11952K, capacity 12767K, committed 13440K, reserved 1048576K
Event: 107.123 GC heap after
Heap after GC invocations=26 (full 4):
 PSYoungGen      total 578560K, used 19369K [0x00000000d5580000, 0x00000000fbe00000, 0x0000000100000000)
  eden space 527360K, 0% used [0x00000000d5580000,0x00000000d5580000,0x00000000f5880000)
  from space 51200K, 37% used [0x00000000f8800000,0x00000000f9aea7d0,0x00000000fba00000)
  to   space 48640K, 0% used [0x00000000f5880000,0x00000000f5880000,0x00000000f8800000)
 ParOldGen       total 384000K, used 172547K [0x0000000080000000, 0x0000000097700000, 0x00000000d5580000)
  object space 384000K, 44% used [0x0000000080000000,0x000000008a880c08,0x0000000097700000)
 Metaspace       used 88957K, capacity 93228K, committed 95872K, reserved 1132544K
  class space    used 11952K, capacity 12767K, committed 13440K, reserved 1048576K
}
Event: 108.791 GC heap before
{Heap before GC invocations=27 (full 4):
 PSYoungGen      total 578560K, used 546729K [0x00000000d5580000, 0x00000000fbe00000, 0x0000000100000000)
  eden space 527360K, 100% used [0x00000000d5580000,0x00000000f5880000,0x00000000f5880000)
  from space 51200K, 37% used [0x00000000f8800000,0x00000000f9aea7d0,0x00000000fba00000)
  to   space 48640K, 0% used [0x00000000f5880000,0x00000000f5880000,0x00000000f8800000)
 ParOldGen       total 384000K, used 172547K [0x0000000080000000, 0x0000000097700000, 0x00000000d5580000)
  object space 384000K, 44% used [0x0000000080000000,0x000000008a880c08,0x0000000097700000)
 Metaspace       used 88994K, capacity 93356K, committed 95872K, reserved 1132544K
  class space    used 11952K, capacity 12767K, committed 13440K, reserved 1048576K
Event: 108.864 GC heap after
Heap after GC invocations=27 (full 4):
 PSYoungGen      total 576000K, used 16763K [0x00000000d5580000, 0x00000000fbe00000, 0x0000000100000000)
  eden space 527360K, 0% used [0x00000000d5580000,0x00000000d5580000,0x00000000f5880000)
  from space 48640K, 34% used [0x00000000f5880000,0x00000000f68dec88,0x00000000f8800000)
  to   space 51200K, 0% used [0x00000000f8800000,0x00000000f8800000,0x00000000fba00000)
 ParOldGen       total 384000K, used 184632K [0x0000000080000000, 0x0000000097700000, 0x00000000d5580000)
  object space 384000K, 48% used [0x0000000080000000,0x000000008b44e0d0,0x0000000097700000)
 Metaspace       used 88994K, capacity 93356K, committed 95872K, reserved 1132544K
  class space    used 11952K, capacity 12767K, committed 13440K, reserved 1048576K
}
Event: 110.957 GC heap before
{Heap before GC invocations=28 (full 4):
 PSYoungGen      total 576000K, used 544123K [0x00000000d5580000, 0x00000000fbe00000, 0x0000000100000000)
  eden space 527360K, 100% used [0x00000000d5580000,0x00000000f5880000,0x00000000f5880000)
  from space 48640K, 34% used [0x00000000f5880000,0x00000000f68dec88,0x00000000f8800000)
  to   space 51200K, 0% used [0x00000000f8800000,0x00000000f8800000,0x00000000fba00000)
 ParOldGen       total 384000K, used 184632K [0x0000000080000000, 0x0000000097700000, 0x00000000d5580000)
  object space 384000K, 48% used [0x0000000080000000,0x000000008b44e0d0,0x0000000097700000)
 Metaspace       used 89041K, capacity 93428K, committed 96128K, reserved 1132544K
  class space    used 11955K, capacity 12767K, committed 13440K, reserved 1048576K
Event: 111.035 GC heap after
Heap after GC invocations=28 (full 4):
 PSYoungGen      total 578560K, used 21959K [0x00000000d5580000, 0x00000000fbe00000, 0x0000000100000000)
  eden space 527360K, 0% used [0x00000000d5580000,0x00000000d5580000,0x00000000f5880000)
  from space 51200K, 42% used [0x00000000f8800000,0x00000000f9d71e60,0x00000000fba00000)
  to   space 48640K, 0% used [0x00000000f5880000,0x00000000f5880000,0x00000000f8800000)
 ParOldGen       total 384000K, used 192996K [0x0000000080000000, 0x0000000097700000, 0x00000000d5580000)
  object space 384000K, 50% used [0x0000000080000000,0x000000008bc79340,0x0000000097700000)
 Metaspace       used 89041K, capacity 93428K, committed 96128K, reserved 1132544K
  class space    used 11955K, capacity 12767K, committed 13440K, reserved 1048576K
}

